<?xml version="1.0" encoding="UTF-8"?>
<testng-results ignored="0" total="1" passed="1" failed="0" skipped="0">
  <reporter-output>
  </reporter-output>
  <suite started-at="2023-10-06T03:31:30 ART" name="Default suite" finished-at="2023-10-06T03:31:37 ART" duration-ms="7528">
    <groups>
    </groups>
    <test started-at="2023-10-06T03:31:30 ART" name="Default test" finished-at="2023-10-06T03:31:37 ART" duration-ms="7528">
      <class name="POM.testClass">
        <test-method is-config="true" signature="setUp()[pri:0, instance:POM.testClass@397fbdb]" started-at="2023-10-06T03:31:30 ART" name="setUp" finished-at="2023-10-06T03:31:32 ART" duration-ms="2472" status="PASS">
          <reporter-output>
          </reporter-output>
        </test-method> <!-- setUp -->
        <test-method signature="check()[pri:0, instance:POM.testClass@397fbdb]" started-at="2023-10-06T03:31:32 ART" name="check" finished-at="2023-10-06T03:31:37 ART" duration-ms="5026" status="PASS">
          <reporter-output>
          </reporter-output>
        </test-method> <!-- check -->
      </class> <!-- POM.testClass -->
    </test> <!-- Default test -->
  </suite> <!-- Default suite -->
</testng-results>
